## Running installer on Friday 26 August  17:00:04 AEST 2016 ##
~/Programming/cpipe_installer/cpipe/tools/bcftools ~/Programming/cpipe_installer/cpipe
make: Nothing to be done for 'all'.
~/Programming/cpipe_installer/cpipe
~/Programming/cpipe_installer/cpipe/tools/bedtools ~/Programming/cpipe_installer/cpipe
Building BEDTools:
=========================================================
DETECTED_VERSION = v2.25.0
CURRENT_VERSION  = v2.25.0
 * Creating BamTools API
- Building in src/utils/bedFile
make[1]: '../../../obj//bedFile.o' is up to date.
- Building in src/utils/BinTree
make[1]: '../../../obj//BinTree.o' is up to date.
- Building in src/utils/version
make[1]: Nothing to be done for 'all'.
- Building in src/utils/bedGraphFile
make[1]: '../../../obj//bedGraphFile.o' is up to date.
- Building in src/utils/chromsweep
make[1]: '../../../obj//chromsweep.o' is up to date.
- Building in src/utils/Contexts
make[1]: Nothing to be done for 'all'.
- Building in src/utils/FileRecordTools
- Building in FileReaders
make[2]: Nothing to be done for 'all'.
- Building in Records
make[2]: Nothing to be done for 'all'.
- Building in src/utils/FileRecordTools/FileReaders
make[1]: Nothing to be done for 'all'.
- Building in src/utils/FileRecordTools/Records
make[1]: Nothing to be done for 'all'.
- Building in src/utils/general
make[1]: Nothing to be done for 'all'.
- Building in src/utils/gzstream
make[1]: '../../../obj//gzstream.o' is up to date.
- Building in src/utils/fileType
make[1]: Nothing to be done for 'all'.
- Building in src/utils/bedFilePE
make[1]: '../../../obj//bedFilePE.o' is up to date.
- Building in src/utils/KeyListOps
make[1]: Nothing to be done for 'all'.
- Building in src/utils/NewChromsweep
make[1]: Nothing to be done for 'all'.
- Building in src/utils/sequenceUtilities
make[1]: '../../../obj//sequenceUtils.o' is up to date.
- Building in src/utils/tabFile
make[1]: '../../../obj//tabFile.o' is up to date.
- Building in src/utils/BamTools
make[1]: Nothing to be done for 'all'.
- Building in src/utils/BamTools-Ancillary
make[1]: Nothing to be done for 'all'.
- Building in src/utils/BlockedIntervals
make[1]: Nothing to be done for 'all'.
- Building in src/utils/Fasta
make[1]: Nothing to be done for 'all'.
- Building in src/utils/VectorOps
make[1]: '../../../obj//VectorOps.o' is up to date.
- Building in src/utils/GenomeFile
make[1]: '../../../obj//NewGenomeFile.o' is up to date.
- Building in src/utils/RecordOutputMgr
make[1]: '../../../obj//RecordOutputMgr.o' is up to date.
- Building in src/utils/ToolBase
make[1]: '../../../obj//ToolBase.o' is up to date.
- Building in src/utils/driver
make[1]: Nothing to be done for 'all'.
- Building in src/annotateBed
make[1]: Nothing to be done for 'all'.
- Building in src/bamToBed
make[1]: Nothing to be done for 'all'.
- Building in src/bamToFastq
make[1]: Nothing to be done for 'all'.
- Building in src/bedToBam
make[1]: Nothing to be done for 'all'.
- Building in src/bedpeToBam
make[1]: Nothing to be done for 'all'.
- Building in src/bedToIgv
make[1]: Nothing to be done for 'all'.
- Building in src/bed12ToBed6
make[1]: Nothing to be done for 'all'.
- Building in src/closestFile
make[1]: Nothing to be done for 'all'.
- Building in src/clusterBed
make[1]: Nothing to be done for 'all'.
- Building in src/complementFile
make[1]: Nothing to be done for 'all'.
- Building in src/coverageFile
make[1]: Nothing to be done for 'all'.
- Building in src/expand
make[1]: Nothing to be done for 'all'.
- Building in src/fastaFromBed
make[1]: Nothing to be done for 'all'.
- Building in src/flankBed
make[1]: Nothing to be done for 'all'.
- Building in src/genomeCoverageBed
make[1]: Nothing to be done for 'all'.
- Building in src/getOverlap
make[1]: Nothing to be done for 'all'.
- Building in src/groupBy
make[1]: Nothing to be done for 'all'.
- Building in src/intersectFile
make[1]: Nothing to be done for 'all'.
- Building in src/fisher
make[1]: Nothing to be done for 'all'.
- Building in src/jaccard
make[1]: Nothing to be done for 'all'.
- Building in src/linksBed
make[1]: Nothing to be done for 'all'.
- Building in src/maskFastaFromBed
make[1]: Nothing to be done for 'all'.
- Building in src/mapFile
make[1]: Nothing to be done for 'all'.
- Building in src/mergeFile
make[1]: Nothing to be done for 'all'.
- Building in src/multiBamCov
make[1]: Nothing to be done for 'all'.
- Building in src/multiIntersectBed
make[1]: Nothing to be done for 'all'.
- Building in src/nekSandbox1
make[1]: Nothing to be done for 'all'.
- Building in src/nucBed
make[1]: Nothing to be done for 'all'.
- Building in src/pairToBed
make[1]: Nothing to be done for 'all'.
- Building in src/pairToPair
make[1]: Nothing to be done for 'all'.
- Building in src/randomBed
make[1]: Nothing to be done for 'all'.
- Building in src/regressTest
compiling RegressTest.cpp
RegressTest.cpp: In member function ‘bool RegressTest::executeAndCompareCorrectness(const fileListType&)’:
RegressTest.cpp:431:25: warning: ignoring return value of ‘int system(const char*)’, declared with attribute warn_unused_result [-Wunused-result]
  system(diffCmd.c_str());
                         ^
RegressTest.cpp: In member function ‘bool RegressTest::startMemoryProfile(bool)’:
RegressTest.cpp:573:24: warning: ignoring return value of ‘char* fgets(char*, int, FILE*)’, declared with attribute warn_unused_result [-Wunused-result]
  fgets(sLine, 4192, fp);
                        ^
RegressTest.cpp: In member function ‘bool RegressTest::calcMemoryStats()’:
RegressTest.cpp:622:25: warning: ignoring return value of ‘char* fgets(char*, int, FILE*)’, declared with attribute warn_unused_result [-Wunused-result]
   fgets(sLine, 4192, fp);
                         ^
compiling regressTestMain.cpp
- Building in src/reldist
make[1]: Nothing to be done for 'all'.
- Building in src/sampleFile
make[1]: Nothing to be done for 'all'.
- Building in src/shuffleBed
make[1]: Nothing to be done for 'all'.
- Building in src/slopBed
make[1]: Nothing to be done for 'all'.
- Building in src/sortBed
make[1]: Nothing to be done for 'all'.
- Building in src/spacingFile
make[1]: Nothing to be done for 'all'.
- Building in src/split
make[1]: Nothing to be done for 'all'.
- Building in src/subtractFile
make[1]: Nothing to be done for 'all'.
- Building in src/tagBam
make[1]: Nothing to be done for 'all'.
- Building in src/unionBedGraphs
make[1]: Nothing to be done for 'all'.
- Building in src/windowBed
make[1]: Nothing to be done for 'all'.
- Building in src/windowMaker
make[1]: Nothing to be done for 'all'.
- Building main bedtools binary.
done.
- Creating executables for old CLI.
done.
~/Programming/cpipe_installer/cpipe
~/Programming/cpipe_installer/cpipe/tools/bpipe ~/Programming/cpipe_installer/cpipe
~/Programming/cpipe_installer/cpipe
~/Programming/cpipe_installer/cpipe/tools/bwa ~/Programming/cpipe_installer/cpipe
make: Nothing to be done for 'all'.
~/Programming/cpipe_installer/cpipe
~/Programming/cpipe_installer/cpipe/tools/fastqc ~/Programming/cpipe_installer/cpipe
~/Programming/cpipe_installer/cpipe
~/Programming/cpipe_installer/cpipe/tools/gatk ~/Programming/cpipe_installer/cpipe
~/Programming/cpipe_installer/cpipe
~/Programming/cpipe_installer/cpipe/tools/groovy ~/Programming/cpipe_installer/cpipe
~/Programming/cpipe_installer/cpipe
~/Programming/cpipe_installer/cpipe/tools/groovy-ngs-utils ~/Programming/cpipe_installer/cpipe
~/Programming/cpipe_installer/cpipe
~/Programming/cpipe_installer/cpipe/tools/htslib ~/Programming/cpipe_installer/cpipe
make: Nothing to be done for 'all'.
~/Programming/cpipe_installer/cpipe
~/Programming/cpipe_installer/cpipe/tools/java_libs ~/Programming/cpipe_installer/cpipe
~/Programming/cpipe_installer/cpipe
~/Programming/cpipe_installer/cpipe/tools/perl ~/Programming/cpipe_installer/cpipe
./miniperl -Ilib make_patchnum.pl
Reusing 'git_version.h' and 'lib/Config_git.pl'
./miniperl -Ilib make_ext.pl cpan/Archive-Tar/pm_to_blib  MAKE="make" LIBPERL_A=libperl.a
make[1]: Entering directory '/home/michael/Programming/cpipe_installer/cpipe/tools/perl/cpan/Archive-Tar'
make[1]: Leaving directory '/home/michael/Programming/cpipe_installer/cpipe/tools/perl/cpan/Archive-Tar'
./miniperl -Ilib make_ext.pl dist/Attribute-Handlers/pm_to_blib  MAKE="make" LIBPERL_A=libperl.a

Running pm_to_blib for dist/Attribute-Handlers directly
./miniperl -Ilib make_ext.pl cpan/autodie/pm_to_blib  MAKE="make" LIBPERL_A=libperl.a

Running pm_to_blib for cpan/autodie directly
./miniperl -Ilib make_ext.pl cpan/AutoLoader/pm_to_blib  MAKE="make" LIBPERL_A=libperl.a

Running pm_to_blib for cpan/AutoLoader directly
./miniperl -Ilib make_ext.pl dist/autouse/pm_to_blib  MAKE="make" LIBPERL_A=libperl.a

Running pm_to_blib for dist/autouse directly
./miniperl -Ilib make_ext.pl dist/base/pm_to_blib  MAKE="make" LIBPERL_A=libperl.a
make[1]: Entering directory '/home/michael/Programming/cpipe_installer/cpipe/tools/perl/dist/base'
make[1]: Leaving directory '/home/michael/Programming/cpipe_installer/cpipe/tools/perl/dist/base'
./miniperl -Ilib make_ext.pl cpan/B-Debug/pm_to_blib  MAKE="make" LIBPERL_A=libperl.a

Running pm_to_blib for cpan/B-Debug directly
./miniperl -Ilib make_ext.pl cpan/bignum/pm_to_blib  MAKE="make" LIBPERL_A=libperl.a

Running pm_to_blib for cpan/bignum directly
./miniperl -Ilib make_ext.pl dist/Carp/pm_to_blib  MAKE="make" LIBPERL_A=libperl.a

Running pm_to_blib for dist/Carp directly
./miniperl -Ilib make_ext.pl cpan/Config-Perl-V/pm_to_blib  MAKE="make" LIBPERL_A=libperl.a

Running pm_to_blib for cpan/Config-Perl-V directly
./miniperl -Ilib make_ext.pl dist/constant/pm_to_blib  MAKE="make" LIBPERL_A=libperl.a

Running pm_to_blib for dist/constant directly
./miniperl -Ilib make_ext.pl cpan/CPAN/pm_to_blib  MAKE="make" LIBPERL_A=libperl.a
make[1]: Entering directory '/home/michael/Programming/cpipe_installer/cpipe/tools/perl/cpan/CPAN'
make[1]: Leaving directory '/home/michael/Programming/cpipe_installer/cpipe/tools/perl/cpan/CPAN'
./miniperl -Ilib make_ext.pl cpan/CPAN-Meta/pm_to_blib  MAKE="make" LIBPERL_A=libperl.a

Running pm_to_blib for cpan/CPAN-Meta directly
./miniperl -Ilib make_ext.pl cpan/CPAN-Meta-Requirements/pm_to_blib  MAKE="make" LIBPERL_A=libperl.a

Running pm_to_blib for cpan/CPAN-Meta-Requirements directly
./miniperl -Ilib make_ext.pl cpan/CPAN-Meta-YAML/pm_to_blib  MAKE="make" LIBPERL_A=libperl.a

Running pm_to_blib for cpan/CPAN-Meta-YAML directly
./miniperl -Ilib make_ext.pl dist/Devel-SelfStubber/pm_to_blib  MAKE="make" LIBPERL_A=libperl.a

Running pm_to_blib for dist/Devel-SelfStubber directly
./miniperl -Ilib make_ext.pl cpan/Digest/pm_to_blib  MAKE="make" LIBPERL_A=libperl.a

Running pm_to_blib for cpan/Digest directly
./miniperl -Ilib make_ext.pl dist/Dumpvalue/pm_to_blib  MAKE="make" LIBPERL_A=libperl.a

Running pm_to_blib for dist/Dumpvalue directly
./miniperl -Ilib make_ext.pl dist/encoding-warnings/pm_to_blib  MAKE="make" LIBPERL_A=libperl.a

Running pm_to_blib for dist/encoding-warnings directly
./miniperl -Ilib make_ext.pl dist/Env/pm_to_blib  MAKE="make" LIBPERL_A=libperl.a

Running pm_to_blib for dist/Env directly
./miniperl -Ilib make_ext.pl ext/Errno/pm_to_blib  MAKE="make" LIBPERL_A=libperl.a
make[1]: Entering directory '/home/michael/Programming/cpipe_installer/cpipe/tools/perl/ext/Errno'
make[1]: Leaving directory '/home/michael/Programming/cpipe_installer/cpipe/tools/perl/ext/Errno'
./miniperl -Ilib make_ext.pl cpan/experimental/pm_to_blib  MAKE="make" LIBPERL_A=libperl.a

Running pm_to_blib for cpan/experimental directly
./miniperl -Ilib make_ext.pl dist/Exporter/pm_to_blib  MAKE="make" LIBPERL_A=libperl.a

Running pm_to_blib for dist/Exporter directly
./miniperl -Ilib make_ext.pl dist/ExtUtils-CBuilder/pm_to_blib  MAKE="make" LIBPERL_A=libperl.a

Running pm_to_blib for dist/ExtUtils-CBuilder directly
./miniperl -Ilib make_ext.pl cpan/ExtUtils-Constant/pm_to_blib  MAKE="make" LIBPERL_A=libperl.a

Running pm_to_blib for cpan/ExtUtils-Constant directly
./miniperl -Ilib make_ext.pl cpan/ExtUtils-Install/pm_to_blib  MAKE="make" LIBPERL_A=libperl.a

Running pm_to_blib for cpan/ExtUtils-Install directly
./miniperl -Ilib make_ext.pl cpan/ExtUtils-MakeMaker/pm_to_blib  MAKE="make" LIBPERL_A=libperl.a
make[1]: Entering directory '/home/michael/Programming/cpipe_installer/cpipe/tools/perl/cpan/ExtUtils-MakeMaker'
make[1]: Leaving directory '/home/michael/Programming/cpipe_installer/cpipe/tools/perl/cpan/ExtUtils-MakeMaker'
./miniperl -Ilib make_ext.pl cpan/ExtUtils-Manifest/pm_to_blib  MAKE="make" LIBPERL_A=libperl.a
make[1]: Entering directory '/home/michael/Programming/cpipe_installer/cpipe/tools/perl/cpan/ExtUtils-Manifest'
make[1]: Leaving directory '/home/michael/Programming/cpipe_installer/cpipe/tools/perl/cpan/ExtUtils-Manifest'
./miniperl -Ilib make_ext.pl ext/ExtUtils-Miniperl/pm_to_blib  MAKE="make" LIBPERL_A=libperl.a

Running pm_to_blib for ext/ExtUtils-Miniperl directly
./miniperl -Ilib make_ext.pl dist/ExtUtils-ParseXS/pm_to_blib  MAKE="make" LIBPERL_A=libperl.a
make[1]: Entering directory '/home/michael/Programming/cpipe_installer/cpipe/tools/perl/dist/ExtUtils-ParseXS'
make[1]: Leaving directory '/home/michael/Programming/cpipe_installer/cpipe/tools/perl/dist/ExtUtils-ParseXS'
./miniperl -Ilib make_ext.pl ext/FileCache/pm_to_blib  MAKE="make" LIBPERL_A=libperl.a

Running pm_to_blib for ext/FileCache directly
./miniperl -Ilib make_ext.pl cpan/File-Fetch/pm_to_blib  MAKE="make" LIBPERL_A=libperl.a

Running pm_to_blib for cpan/File-Fetch directly
./miniperl -Ilib make_ext.pl ext/File-Find/pm_to_blib  MAKE="make" LIBPERL_A=libperl.a

Running pm_to_blib for ext/File-Find directly
./miniperl -Ilib make_ext.pl cpan/File-Path/pm_to_blib  MAKE="make" LIBPERL_A=libperl.a

Running pm_to_blib for cpan/File-Path directly
./miniperl -Ilib make_ext.pl cpan/File-Temp/pm_to_blib  MAKE="make" LIBPERL_A=libperl.a

Running pm_to_blib for cpan/File-Temp directly
./miniperl -Ilib make_ext.pl dist/Filter-Simple/pm_to_blib  MAKE="make" LIBPERL_A=libperl.a

Running pm_to_blib for dist/Filter-Simple directly
./miniperl -Ilib make_ext.pl cpan/Getopt-Long/pm_to_blib  MAKE="make" LIBPERL_A=libperl.a

Running pm_to_blib for cpan/Getopt-Long directly
./miniperl -Ilib make_ext.pl cpan/HTTP-Tiny/pm_to_blib  MAKE="make" LIBPERL_A=libperl.a
make[1]: Entering directory '/home/michael/Programming/cpipe_installer/cpipe/tools/perl/cpan/HTTP-Tiny'
make[1]: Leaving directory '/home/michael/Programming/cpipe_installer/cpipe/tools/perl/cpan/HTTP-Tiny'
./miniperl -Ilib make_ext.pl dist/I18N-Collate/pm_to_blib  MAKE="make" LIBPERL_A=libperl.a

Running pm_to_blib for dist/I18N-Collate directly
./miniperl -Ilib make_ext.pl dist/I18N-LangTags/pm_to_blib  MAKE="make" LIBPERL_A=libperl.a

Running pm_to_blib for dist/I18N-LangTags directly
./miniperl -Ilib make_ext.pl dist/if/pm_to_blib  MAKE="make" LIBPERL_A=libperl.a

Running pm_to_blib for dist/if directly
./miniperl -Ilib make_ext.pl cpan/IO-Compress/pm_to_blib  MAKE="make" LIBPERL_A=libperl.a
make[1]: Entering directory '/home/michael/Programming/cpipe_installer/cpipe/tools/perl/cpan/IO-Compress'
make[1]: Leaving directory '/home/michael/Programming/cpipe_installer/cpipe/tools/perl/cpan/IO-Compress'
./miniperl -Ilib make_ext.pl cpan/IO-Socket-IP/pm_to_blib  MAKE="make" LIBPERL_A=libperl.a

Running pm_to_blib for cpan/IO-Socket-IP directly
./miniperl -Ilib make_ext.pl cpan/IO-Zlib/pm_to_blib  MAKE="make" LIBPERL_A=libperl.a

Running pm_to_blib for cpan/IO-Zlib directly
./miniperl -Ilib make_ext.pl cpan/IPC-Cmd/pm_to_blib  MAKE="make" LIBPERL_A=libperl.a

Running pm_to_blib for cpan/IPC-Cmd directly
./miniperl -Ilib make_ext.pl ext/IPC-Open3/pm_to_blib  MAKE="make" LIBPERL_A=libperl.a

Running pm_to_blib for ext/IPC-Open3 directly
./miniperl -Ilib make_ext.pl cpan/JSON-PP/pm_to_blib  MAKE="make" LIBPERL_A=libperl.a
make[1]: Entering directory '/home/michael/Programming/cpipe_installer/cpipe/tools/perl/cpan/JSON-PP'
make[1]: Leaving directory '/home/michael/Programming/cpipe_installer/cpipe/tools/perl/cpan/JSON-PP'
./miniperl -Ilib make_ext.pl dist/lib/pm_to_blib  MAKE="make" LIBPERL_A=libperl.a
make[1]: Entering directory '/home/michael/Programming/cpipe_installer/cpipe/tools/perl/dist/lib'
make[1]: Leaving directory '/home/michael/Programming/cpipe_installer/cpipe/tools/perl/dist/lib'
./miniperl -Ilib make_ext.pl cpan/libnet/pm_to_blib  MAKE="make" LIBPERL_A=libperl.a
make[1]: Entering directory '/home/michael/Programming/cpipe_installer/cpipe/tools/perl/cpan/libnet'
make[1]: Leaving directory '/home/michael/Programming/cpipe_installer/cpipe/tools/perl/cpan/libnet'
./miniperl -Ilib make_ext.pl cpan/Locale-Codes/pm_to_blib  MAKE="make" LIBPERL_A=libperl.a

Running pm_to_blib for cpan/Locale-Codes directly
./miniperl -Ilib make_ext.pl dist/Locale-Maketext/pm_to_blib  MAKE="make" LIBPERL_A=libperl.a

Running pm_to_blib for dist/Locale-Maketext directly
./miniperl -Ilib make_ext.pl cpan/Locale-Maketext-Simple/pm_to_blib  MAKE="make" LIBPERL_A=libperl.a

Running pm_to_blib for cpan/Locale-Maketext-Simple directly
./miniperl -Ilib make_ext.pl cpan/Math-BigInt/pm_to_blib  MAKE="make" LIBPERL_A=libperl.a

Running pm_to_blib for cpan/Math-BigInt directly
./miniperl -Ilib make_ext.pl cpan/Math-BigRat/pm_to_blib  MAKE="make" LIBPERL_A=libperl.a

Running pm_to_blib for cpan/Math-BigRat directly
./miniperl -Ilib make_ext.pl cpan/Math-Complex/pm_to_blib  MAKE="make" LIBPERL_A=libperl.a

Running pm_to_blib for cpan/Math-Complex directly
./miniperl -Ilib make_ext.pl cpan/Memoize/pm_to_blib  MAKE="make" LIBPERL_A=libperl.a

Running pm_to_blib for cpan/Memoize directly
./miniperl -Ilib make_ext.pl dist/Module-CoreList/pm_to_blib  MAKE="make" LIBPERL_A=libperl.a
make[1]: Entering directory '/home/michael/Programming/cpipe_installer/cpipe/tools/perl/dist/Module-CoreList'
make[1]: Leaving directory '/home/michael/Programming/cpipe_installer/cpipe/tools/perl/dist/Module-CoreList'
./miniperl -Ilib make_ext.pl cpan/Module-Load/pm_to_blib  MAKE="make" LIBPERL_A=libperl.a

Running pm_to_blib for cpan/Module-Load directly
./miniperl -Ilib make_ext.pl cpan/Module-Load-Conditional/pm_to_blib  MAKE="make" LIBPERL_A=libperl.a

Running pm_to_blib for cpan/Module-Load-Conditional directly
./miniperl -Ilib make_ext.pl cpan/Module-Loaded/pm_to_blib  MAKE="make" LIBPERL_A=libperl.a

Running pm_to_blib for cpan/Module-Loaded directly
./miniperl -Ilib make_ext.pl cpan/Module-Metadata/pm_to_blib  MAKE="make" LIBPERL_A=libperl.a
make[1]: Entering directory '/home/michael/Programming/cpipe_installer/cpipe/tools/perl/cpan/Module-Metadata'
make[1]: Leaving directory '/home/michael/Programming/cpipe_installer/cpipe/tools/perl/cpan/Module-Metadata'
./miniperl -Ilib make_ext.pl dist/Net-Ping/pm_to_blib  MAKE="make" LIBPERL_A=libperl.a

Running pm_to_blib for dist/Net-Ping directly
./miniperl -Ilib make_ext.pl cpan/NEXT/pm_to_blib  MAKE="make" LIBPERL_A=libperl.a

Running pm_to_blib for cpan/NEXT directly
./miniperl -Ilib make_ext.pl cpan/Params-Check/pm_to_blib  MAKE="make" LIBPERL_A=libperl.a

Running pm_to_blib for cpan/Params-Check directly
./miniperl -Ilib make_ext.pl cpan/parent/pm_to_blib  MAKE="make" LIBPERL_A=libperl.a

Running pm_to_blib for cpan/parent directly
./miniperl -Ilib make_ext.pl cpan/Parse-CPAN-Meta/pm_to_blib  MAKE="make" LIBPERL_A=libperl.a
make[1]: Entering directory '/home/michael/Programming/cpipe_installer/cpipe/tools/perl/cpan/Parse-CPAN-Meta'
make[1]: Leaving directory '/home/michael/Programming/cpipe_installer/cpipe/tools/perl/cpan/Parse-CPAN-Meta'
./miniperl -Ilib make_ext.pl cpan/perlfaq/pm_to_blib  MAKE="make" LIBPERL_A=libperl.a

Running pm_to_blib for cpan/perlfaq directly
./miniperl -Ilib make_ext.pl cpan/PerlIO-via-QuotedPrint/pm_to_blib  MAKE="make" LIBPERL_A=libperl.a

Running pm_to_blib for cpan/PerlIO-via-QuotedPrint directly
./miniperl -Ilib make_ext.pl cpan/Perl-OSType/pm_to_blib  MAKE="make" LIBPERL_A=libperl.a

Running pm_to_blib for cpan/Perl-OSType directly
./miniperl -Ilib make_ext.pl cpan/Pod-Checker/pm_to_blib  MAKE="make" LIBPERL_A=libperl.a
make[1]: Entering directory '/home/michael/Programming/cpipe_installer/cpipe/tools/perl/cpan/Pod-Checker'
make[1]: Leaving directory '/home/michael/Programming/cpipe_installer/cpipe/tools/perl/cpan/Pod-Checker'
./miniperl -Ilib make_ext.pl cpan/Pod-Escapes/pm_to_blib  MAKE="make" LIBPERL_A=libperl.a

Running pm_to_blib for cpan/Pod-Escapes directly
./miniperl -Ilib make_ext.pl cpan/Pod-Simple/pm_to_blib  MAKE="make" LIBPERL_A=libperl.a

Running pm_to_blib for cpan/Pod-Simple directly
./miniperl -Ilib make_ext.pl ext/Pod-Functions/pm_to_blib  MAKE="make" LIBPERL_A=libperl.a
make[1]: Entering directory '/home/michael/Programming/cpipe_installer/cpipe/tools/perl/ext/Pod-Functions'
make[1]: Leaving directory '/home/michael/Programming/cpipe_installer/cpipe/tools/perl/ext/Pod-Functions'
./miniperl -Ilib make_ext.pl ext/Pod-Html/pm_to_blib  MAKE="make" LIBPERL_A=libperl.a
make[1]: Entering directory '/home/michael/Programming/cpipe_installer/cpipe/tools/perl/ext/Pod-Html'
make[1]: Leaving directory '/home/michael/Programming/cpipe_installer/cpipe/tools/perl/ext/Pod-Html'
./miniperl -Ilib make_ext.pl cpan/podlators/pm_to_blib  MAKE="make" LIBPERL_A=libperl.a
make[1]: Entering directory '/home/michael/Programming/cpipe_installer/cpipe/tools/perl/cpan/podlators'
Manifying 2 pod documents
make[1]: Leaving directory '/home/michael/Programming/cpipe_installer/cpipe/tools/perl/cpan/podlators'
./miniperl -Ilib make_ext.pl cpan/Pod-Parser/pm_to_blib  MAKE="make" LIBPERL_A=libperl.a
make[1]: Entering directory '/home/michael/Programming/cpipe_installer/cpipe/tools/perl/cpan/Pod-Parser'
make[1]: Leaving directory '/home/michael/Programming/cpipe_installer/cpipe/tools/perl/cpan/Pod-Parser'
./miniperl -Ilib make_ext.pl cpan/Pod-Perldoc/pm_to_blib  MAKE="make" LIBPERL_A=libperl.a
make[1]: Entering directory '/home/michael/Programming/cpipe_installer/cpipe/tools/perl/cpan/Pod-Perldoc'
make[1]: Leaving directory '/home/michael/Programming/cpipe_installer/cpipe/tools/perl/cpan/Pod-Perldoc'
./miniperl -Ilib make_ext.pl cpan/Pod-Usage/pm_to_blib  MAKE="make" LIBPERL_A=libperl.a
make[1]: Entering directory '/home/michael/Programming/cpipe_installer/cpipe/tools/perl/cpan/Pod-Usage'
make[1]: Leaving directory '/home/michael/Programming/cpipe_installer/cpipe/tools/perl/cpan/Pod-Usage'
./miniperl -Ilib make_ext.pl dist/Safe/pm_to_blib  MAKE="make" LIBPERL_A=libperl.a

Running pm_to_blib for dist/Safe directly
./miniperl -Ilib make_ext.pl dist/Search-Dict/pm_to_blib  MAKE="make" LIBPERL_A=libperl.a

Running pm_to_blib for dist/Search-Dict directly
./miniperl -Ilib make_ext.pl dist/SelfLoader/pm_to_blib  MAKE="make" LIBPERL_A=libperl.a

Running pm_to_blib for dist/SelfLoader directly
./miniperl -Ilib make_ext.pl cpan/Term-ANSIColor/pm_to_blib  MAKE="make" LIBPERL_A=libperl.a

Running pm_to_blib for cpan/Term-ANSIColor directly
./miniperl -Ilib make_ext.pl cpan/Term-Cap/pm_to_blib  MAKE="make" LIBPERL_A=libperl.a
make[1]: Entering directory '/home/michael/Programming/cpipe_installer/cpipe/tools/perl/cpan/Term-Cap'
make[1]: Leaving directory '/home/michael/Programming/cpipe_installer/cpipe/tools/perl/cpan/Term-Cap'
./miniperl -Ilib make_ext.pl dist/Term-Complete/pm_to_blib  MAKE="make" LIBPERL_A=libperl.a

Running pm_to_blib for dist/Term-Complete directly
./miniperl -Ilib make_ext.pl dist/Term-ReadLine/pm_to_blib  MAKE="make" LIBPERL_A=libperl.a

Running pm_to_blib for dist/Term-ReadLine directly
./miniperl -Ilib make_ext.pl dist/Test/pm_to_blib  MAKE="make" LIBPERL_A=libperl.a

Running pm_to_blib for dist/Test directly
./miniperl -Ilib make_ext.pl cpan/Test-Harness/pm_to_blib  MAKE="make" LIBPERL_A=libperl.a
make[1]: Entering directory '/home/michael/Programming/cpipe_installer/cpipe/tools/perl/cpan/Test-Harness'
make[1]: Leaving directory '/home/michael/Programming/cpipe_installer/cpipe/tools/perl/cpan/Test-Harness'
./miniperl -Ilib make_ext.pl cpan/Test-Simple/pm_to_blib  MAKE="make" LIBPERL_A=libperl.a

Running pm_to_blib for cpan/Test-Simple directly
./miniperl -Ilib make_ext.pl dist/Text-Abbrev/pm_to_blib  MAKE="make" LIBPERL_A=libperl.a

Running pm_to_blib for dist/Text-Abbrev directly
./miniperl -Ilib make_ext.pl cpan/Text-Balanced/pm_to_blib  MAKE="make" LIBPERL_A=libperl.a

Running pm_to_blib for cpan/Text-Balanced directly
./miniperl -Ilib make_ext.pl cpan/Text-ParseWords/pm_to_blib  MAKE="make" LIBPERL_A=libperl.a

Running pm_to_blib for cpan/Text-ParseWords directly
./miniperl -Ilib make_ext.pl cpan/Text-Tabs/pm_to_blib  MAKE="make" LIBPERL_A=libperl.a

Running pm_to_blib for cpan/Text-Tabs directly
./miniperl -Ilib make_ext.pl dist/Thread-Queue/pm_to_blib  MAKE="make" LIBPERL_A=libperl.a

Running pm_to_blib for dist/Thread-Queue directly
./miniperl -Ilib make_ext.pl dist/Thread-Semaphore/pm_to_blib  MAKE="make" LIBPERL_A=libperl.a

Running pm_to_blib for dist/Thread-Semaphore directly
./miniperl -Ilib make_ext.pl dist/Tie-File/pm_to_blib  MAKE="make" LIBPERL_A=libperl.a

Running pm_to_blib for dist/Tie-File directly
./miniperl -Ilib make_ext.pl ext/Tie-Memoize/pm_to_blib  MAKE="make" LIBPERL_A=libperl.a

Running pm_to_blib for ext/Tie-Memoize directly
./miniperl -Ilib make_ext.pl cpan/Tie-RefHash/pm_to_blib  MAKE="make" LIBPERL_A=libperl.a

Running pm_to_blib for cpan/Tie-RefHash directly
./miniperl -Ilib make_ext.pl cpan/Time-Local/pm_to_blib  MAKE="make" LIBPERL_A=libperl.a

Running pm_to_blib for cpan/Time-Local directly
./miniperl -Ilib make_ext.pl cpan/version/pm_to_blib  MAKE="make" LIBPERL_A=libperl.a

Running pm_to_blib for cpan/version directly
./miniperl -Ilib make_ext.pl dist/XSLoader/pm_to_blib  MAKE="make" LIBPERL_A=libperl.a
make[1]: Entering directory '/home/michael/Programming/cpipe_installer/cpipe/tools/perl/dist/XSLoader'
make[1]: Leaving directory '/home/michael/Programming/cpipe_installer/cpipe/tools/perl/dist/XSLoader'
./miniperl -Ilib lib/unicore/mktables -C lib/unicore -P pod -maketest -makelist -p
lib/unicore/mktables: Files seem to be ok, not bothering to rebuild.  Add '-w' option to force build
./miniperl -Ilib -Ilib -MExtUtils::Miniperl -e 'writemain(\"perlmain.c", @ARGV)' DynaLoader 
cc -c -DPERL_CORE -fwrapv -fno-strict-aliasing -pipe -fstack-protector-strong -I/usr/local/include -D_LARGEFILE_SOURCE -D_FILE_OFFSET_BITS=64 -std=c89 -O2 -Wall -Werror=declaration-after-statement -Wextra -Wc++-compat -Wwrite-strings perlmain.c
./miniperl -Ilib make_ext.pl DynaLoader.o  MAKE="make" LIBPERL_A=libperl.a LINKTYPE=static CCCDLFLAGS=
make[1]: Entering directory '/home/michael/Programming/cpipe_installer/cpipe/tools/perl/ext/DynaLoader'
make[1]: Leaving directory '/home/michael/Programming/cpipe_installer/cpipe/tools/perl/ext/DynaLoader'
cc -o perl -fstack-protector-strong -L/usr/local/lib -Wl,-E perlmain.o   libperl.a `cat ext.libs` -lpthread -lnsl -ldl -lm -lcrypt -lutil -lc 
./miniperl -Ilib mkppport
ppport.h in cpan/DB_File is up-to-date
ppport.h in cpan/IPC-SysV is up-to-date
ppport.h in cpan/Scalar-List-Utils is up-to-date
ppport.h in cpan/Win32API-File is up-to-date
ppport.h in dist/PathTools is up-to-date
ppport.h in dist/Time-HiRes is up-to-date
./miniperl -Ilib make_ext.pl lib/auto/arybase/arybase.so  MAKE="make" LIBPERL_A=libperl.a LINKTYPE=dynamic
make[1]: Entering directory '/home/michael/Programming/cpipe_installer/cpipe/tools/perl/ext/arybase'
make[1]: Leaving directory '/home/michael/Programming/cpipe_installer/cpipe/tools/perl/ext/arybase'
./miniperl -Ilib make_ext.pl lib/auto/attributes/attributes.so  MAKE="make" LIBPERL_A=libperl.a LINKTYPE=dynamic
make[1]: Entering directory '/home/michael/Programming/cpipe_installer/cpipe/tools/perl/ext/attributes'
make[1]: Leaving directory '/home/michael/Programming/cpipe_installer/cpipe/tools/perl/ext/attributes'
./miniperl -Ilib make_ext.pl lib/auto/B/B.so  MAKE="make" LIBPERL_A=libperl.a LINKTYPE=dynamic
make[1]: Entering directory '/home/michael/Programming/cpipe_installer/cpipe/tools/perl/ext/B'
make[1]: Leaving directory '/home/michael/Programming/cpipe_installer/cpipe/tools/perl/ext/B'
./miniperl -Ilib make_ext.pl lib/auto/Compress/Raw/Bzip2/Bzip2.so  MAKE="make" LIBPERL_A=libperl.a LINKTYPE=dynamic
make[1]: Entering directory '/home/michael/Programming/cpipe_installer/cpipe/tools/perl/cpan/Compress-Raw-Bzip2'
make[1]: Leaving directory '/home/michael/Programming/cpipe_installer/cpipe/tools/perl/cpan/Compress-Raw-Bzip2'
./miniperl -Ilib make_ext.pl lib/auto/Compress/Raw/Zlib/Zlib.so  MAKE="make" LIBPERL_A=libperl.a LINKTYPE=dynamic
make[1]: Entering directory '/home/michael/Programming/cpipe_installer/cpipe/tools/perl/cpan/Compress-Raw-Zlib'
make[1]: Leaving directory '/home/michael/Programming/cpipe_installer/cpipe/tools/perl/cpan/Compress-Raw-Zlib'
./miniperl -Ilib make_ext.pl lib/auto/Cwd/Cwd.so  MAKE="make" LIBPERL_A=libperl.a LINKTYPE=dynamic
make[1]: Entering directory '/home/michael/Programming/cpipe_installer/cpipe/tools/perl/dist/PathTools'
make[1]: Leaving directory '/home/michael/Programming/cpipe_installer/cpipe/tools/perl/dist/PathTools'
./miniperl -Ilib make_ext.pl lib/auto/Data/Dumper/Dumper.so  MAKE="make" LIBPERL_A=libperl.a LINKTYPE=dynamic
make[1]: Entering directory '/home/michael/Programming/cpipe_installer/cpipe/tools/perl/dist/Data-Dumper'
make[1]: Leaving directory '/home/michael/Programming/cpipe_installer/cpipe/tools/perl/dist/Data-Dumper'
./miniperl -Ilib make_ext.pl lib/auto/Devel/Peek/Peek.so  MAKE="make" LIBPERL_A=libperl.a LINKTYPE=dynamic
make[1]: Entering directory '/home/michael/Programming/cpipe_installer/cpipe/tools/perl/ext/Devel-Peek'
make[1]: Leaving directory '/home/michael/Programming/cpipe_installer/cpipe/tools/perl/ext/Devel-Peek'
./miniperl -Ilib make_ext.pl lib/auto/Devel/PPPort/PPPort.so  MAKE="make" LIBPERL_A=libperl.a LINKTYPE=dynamic
make[1]: Entering directory '/home/michael/Programming/cpipe_installer/cpipe/tools/perl/cpan/Devel-PPPort'
make[1]: Leaving directory '/home/michael/Programming/cpipe_installer/cpipe/tools/perl/cpan/Devel-PPPort'
./miniperl -Ilib make_ext.pl lib/auto/Digest/MD5/MD5.so  MAKE="make" LIBPERL_A=libperl.a LINKTYPE=dynamic
make[1]: Entering directory '/home/michael/Programming/cpipe_installer/cpipe/tools/perl/cpan/Digest-MD5'
make[1]: Leaving directory '/home/michael/Programming/cpipe_installer/cpipe/tools/perl/cpan/Digest-MD5'
./miniperl -Ilib make_ext.pl lib/auto/Digest/SHA/SHA.so  MAKE="make" LIBPERL_A=libperl.a LINKTYPE=dynamic
make[1]: Entering directory '/home/michael/Programming/cpipe_installer/cpipe/tools/perl/cpan/Digest-SHA'
make[1]: Leaving directory '/home/michael/Programming/cpipe_installer/cpipe/tools/perl/cpan/Digest-SHA'
./miniperl -Ilib make_ext.pl lib/auto/Encode/Encode.so  MAKE="make" LIBPERL_A=libperl.a LINKTYPE=dynamic
make[1]: Entering directory '/home/michael/Programming/cpipe_installer/cpipe/tools/perl/cpan/Encode'
make[2]: Entering directory '/home/michael/Programming/cpipe_installer/cpipe/tools/perl/cpan/Encode/Byte'
make[2]: Leaving directory '/home/michael/Programming/cpipe_installer/cpipe/tools/perl/cpan/Encode/Byte'
make[2]: Entering directory '/home/michael/Programming/cpipe_installer/cpipe/tools/perl/cpan/Encode/CN'
make[2]: Leaving directory '/home/michael/Programming/cpipe_installer/cpipe/tools/perl/cpan/Encode/CN'
make[2]: Entering directory '/home/michael/Programming/cpipe_installer/cpipe/tools/perl/cpan/Encode/EBCDIC'
make[2]: Leaving directory '/home/michael/Programming/cpipe_installer/cpipe/tools/perl/cpan/Encode/EBCDIC'
make[2]: Entering directory '/home/michael/Programming/cpipe_installer/cpipe/tools/perl/cpan/Encode/JP'
make[2]: Leaving directory '/home/michael/Programming/cpipe_installer/cpipe/tools/perl/cpan/Encode/JP'
make[2]: Entering directory '/home/michael/Programming/cpipe_installer/cpipe/tools/perl/cpan/Encode/KR'
make[2]: Leaving directory '/home/michael/Programming/cpipe_installer/cpipe/tools/perl/cpan/Encode/KR'
make[2]: Entering directory '/home/michael/Programming/cpipe_installer/cpipe/tools/perl/cpan/Encode/Symbol'
make[2]: Leaving directory '/home/michael/Programming/cpipe_installer/cpipe/tools/perl/cpan/Encode/Symbol'
make[2]: Entering directory '/home/michael/Programming/cpipe_installer/cpipe/tools/perl/cpan/Encode/TW'
make[2]: Leaving directory '/home/michael/Programming/cpipe_installer/cpipe/tools/perl/cpan/Encode/TW'
make[2]: Entering directory '/home/michael/Programming/cpipe_installer/cpipe/tools/perl/cpan/Encode/Unicode'
make[2]: Leaving directory '/home/michael/Programming/cpipe_installer/cpipe/tools/perl/cpan/Encode/Unicode'
make[1]: Leaving directory '/home/michael/Programming/cpipe_installer/cpipe/tools/perl/cpan/Encode'
./miniperl -Ilib make_ext.pl lib/auto/Fcntl/Fcntl.so  MAKE="make" LIBPERL_A=libperl.a LINKTYPE=dynamic
make[1]: Entering directory '/home/michael/Programming/cpipe_installer/cpipe/tools/perl/ext/Fcntl'
make[1]: Leaving directory '/home/michael/Programming/cpipe_installer/cpipe/tools/perl/ext/Fcntl'
./miniperl -Ilib make_ext.pl lib/auto/File/DosGlob/DosGlob.so  MAKE="make" LIBPERL_A=libperl.a LINKTYPE=dynamic
make[1]: Entering directory '/home/michael/Programming/cpipe_installer/cpipe/tools/perl/ext/File-DosGlob'
make[1]: Leaving directory '/home/michael/Programming/cpipe_installer/cpipe/tools/perl/ext/File-DosGlob'
./miniperl -Ilib make_ext.pl lib/auto/File/Glob/Glob.so  MAKE="make" LIBPERL_A=libperl.a LINKTYPE=dynamic
make[1]: Entering directory '/home/michael/Programming/cpipe_installer/cpipe/tools/perl/ext/File-Glob'
make[1]: Leaving directory '/home/michael/Programming/cpipe_installer/cpipe/tools/perl/ext/File-Glob'
./miniperl -Ilib make_ext.pl lib/auto/Filter/Util/Call/Call.so  MAKE="make" LIBPERL_A=libperl.a LINKTYPE=dynamic
make[1]: Entering directory '/home/michael/Programming/cpipe_installer/cpipe/tools/perl/cpan/Filter-Util-Call'
make[1]: Leaving directory '/home/michael/Programming/cpipe_installer/cpipe/tools/perl/cpan/Filter-Util-Call'
./miniperl -Ilib make_ext.pl lib/auto/Hash/Util/Util.so  MAKE="make" LIBPERL_A=libperl.a LINKTYPE=dynamic
make[1]: Entering directory '/home/michael/Programming/cpipe_installer/cpipe/tools/perl/ext/Hash-Util'
make[1]: Leaving directory '/home/michael/Programming/cpipe_installer/cpipe/tools/perl/ext/Hash-Util'
./miniperl -Ilib make_ext.pl lib/auto/Hash/Util/FieldHash/FieldHash.so  MAKE="make" LIBPERL_A=libperl.a LINKTYPE=dynamic
make[1]: Entering directory '/home/michael/Programming/cpipe_installer/cpipe/tools/perl/ext/Hash-Util-FieldHash'
make[1]: Leaving directory '/home/michael/Programming/cpipe_installer/cpipe/tools/perl/ext/Hash-Util-FieldHash'
./miniperl -Ilib make_ext.pl lib/auto/I18N/Langinfo/Langinfo.so  MAKE="make" LIBPERL_A=libperl.a LINKTYPE=dynamic
make[1]: Entering directory '/home/michael/Programming/cpipe_installer/cpipe/tools/perl/ext/I18N-Langinfo'
make[1]: Leaving directory '/home/michael/Programming/cpipe_installer/cpipe/tools/perl/ext/I18N-Langinfo'
./miniperl -Ilib make_ext.pl lib/auto/IO/IO.so  MAKE="make" LIBPERL_A=libperl.a LINKTYPE=dynamic
make[1]: Entering directory '/home/michael/Programming/cpipe_installer/cpipe/tools/perl/dist/IO'
make[1]: Leaving directory '/home/michael/Programming/cpipe_installer/cpipe/tools/perl/dist/IO'
./miniperl -Ilib make_ext.pl lib/auto/IPC/SysV/SysV.so  MAKE="make" LIBPERL_A=libperl.a LINKTYPE=dynamic
make[1]: Entering directory '/home/michael/Programming/cpipe_installer/cpipe/tools/perl/cpan/IPC-SysV'
make[1]: Leaving directory '/home/michael/Programming/cpipe_installer/cpipe/tools/perl/cpan/IPC-SysV'
./miniperl -Ilib make_ext.pl lib/auto/List/Util/Util.so  MAKE="make" LIBPERL_A=libperl.a LINKTYPE=dynamic
make[1]: Entering directory '/home/michael/Programming/cpipe_installer/cpipe/tools/perl/cpan/Scalar-List-Utils'
make[1]: Leaving directory '/home/michael/Programming/cpipe_installer/cpipe/tools/perl/cpan/Scalar-List-Utils'
./miniperl -Ilib make_ext.pl lib/auto/Math/BigInt/FastCalc/FastCalc.so  MAKE="make" LIBPERL_A=libperl.a LINKTYPE=dynamic
make[1]: Entering directory '/home/michael/Programming/cpipe_installer/cpipe/tools/perl/cpan/Math-BigInt-FastCalc'
make[1]: Leaving directory '/home/michael/Programming/cpipe_installer/cpipe/tools/perl/cpan/Math-BigInt-FastCalc'
./miniperl -Ilib make_ext.pl lib/auto/MIME/Base64/Base64.so  MAKE="make" LIBPERL_A=libperl.a LINKTYPE=dynamic
make[1]: Entering directory '/home/michael/Programming/cpipe_installer/cpipe/tools/perl/cpan/MIME-Base64'
make[1]: Leaving directory '/home/michael/Programming/cpipe_installer/cpipe/tools/perl/cpan/MIME-Base64'
./miniperl -Ilib make_ext.pl lib/auto/mro/mro.so  MAKE="make" LIBPERL_A=libperl.a LINKTYPE=dynamic
make[1]: Entering directory '/home/michael/Programming/cpipe_installer/cpipe/tools/perl/ext/mro'
make[1]: Leaving directory '/home/michael/Programming/cpipe_installer/cpipe/tools/perl/ext/mro'
./miniperl -Ilib make_ext.pl lib/auto/Opcode/Opcode.so  MAKE="make" LIBPERL_A=libperl.a LINKTYPE=dynamic
make[1]: Entering directory '/home/michael/Programming/cpipe_installer/cpipe/tools/perl/ext/Opcode'
make[1]: Leaving directory '/home/michael/Programming/cpipe_installer/cpipe/tools/perl/ext/Opcode'
./miniperl -Ilib make_ext.pl lib/auto/PerlIO/encoding/encoding.so  MAKE="make" LIBPERL_A=libperl.a LINKTYPE=dynamic
make[1]: Entering directory '/home/michael/Programming/cpipe_installer/cpipe/tools/perl/ext/PerlIO-encoding'
make[1]: Leaving directory '/home/michael/Programming/cpipe_installer/cpipe/tools/perl/ext/PerlIO-encoding'
./miniperl -Ilib make_ext.pl lib/auto/PerlIO/mmap/mmap.so  MAKE="make" LIBPERL_A=libperl.a LINKTYPE=dynamic
make[1]: Entering directory '/home/michael/Programming/cpipe_installer/cpipe/tools/perl/ext/PerlIO-mmap'
make[1]: Leaving directory '/home/michael/Programming/cpipe_installer/cpipe/tools/perl/ext/PerlIO-mmap'
./miniperl -Ilib make_ext.pl lib/auto/PerlIO/scalar/scalar.so  MAKE="make" LIBPERL_A=libperl.a LINKTYPE=dynamic
make[1]: Entering directory '/home/michael/Programming/cpipe_installer/cpipe/tools/perl/ext/PerlIO-scalar'
make[1]: Leaving directory '/home/michael/Programming/cpipe_installer/cpipe/tools/perl/ext/PerlIO-scalar'
./miniperl -Ilib make_ext.pl lib/auto/PerlIO/via/via.so  MAKE="make" LIBPERL_A=libperl.a LINKTYPE=dynamic
make[1]: Entering directory '/home/michael/Programming/cpipe_installer/cpipe/tools/perl/ext/PerlIO-via'
make[1]: Leaving directory '/home/michael/Programming/cpipe_installer/cpipe/tools/perl/ext/PerlIO-via'
./miniperl -Ilib make_ext.pl lib/auto/POSIX/POSIX.so  MAKE="make" LIBPERL_A=libperl.a LINKTYPE=dynamic
make[1]: Entering directory '/home/michael/Programming/cpipe_installer/cpipe/tools/perl/ext/POSIX'
make[1]: Leaving directory '/home/michael/Programming/cpipe_installer/cpipe/tools/perl/ext/POSIX'
./miniperl -Ilib make_ext.pl lib/auto/re/re.so  MAKE="make" LIBPERL_A=libperl.a LINKTYPE=dynamic
make[1]: Entering directory '/home/michael/Programming/cpipe_installer/cpipe/tools/perl/ext/re'
make[1]: Leaving directory '/home/michael/Programming/cpipe_installer/cpipe/tools/perl/ext/re'
./miniperl -Ilib make_ext.pl lib/auto/SDBM_File/SDBM_File.so  MAKE="make" LIBPERL_A=libperl.a LINKTYPE=dynamic
make[1]: Entering directory '/home/michael/Programming/cpipe_installer/cpipe/tools/perl/ext/SDBM_File'
make[1]: Leaving directory '/home/michael/Programming/cpipe_installer/cpipe/tools/perl/ext/SDBM_File'
./miniperl -Ilib make_ext.pl lib/auto/Socket/Socket.so  MAKE="make" LIBPERL_A=libperl.a LINKTYPE=dynamic
make[1]: Entering directory '/home/michael/Programming/cpipe_installer/cpipe/tools/perl/cpan/Socket'
make[1]: Leaving directory '/home/michael/Programming/cpipe_installer/cpipe/tools/perl/cpan/Socket'
./miniperl -Ilib make_ext.pl lib/auto/Storable/Storable.so  MAKE="make" LIBPERL_A=libperl.a LINKTYPE=dynamic
make[1]: Entering directory '/home/michael/Programming/cpipe_installer/cpipe/tools/perl/dist/Storable'
make[1]: Leaving directory '/home/michael/Programming/cpipe_installer/cpipe/tools/perl/dist/Storable'
./miniperl -Ilib make_ext.pl lib/auto/Sys/Hostname/Hostname.so  MAKE="make" LIBPERL_A=libperl.a LINKTYPE=dynamic
make[1]: Entering directory '/home/michael/Programming/cpipe_installer/cpipe/tools/perl/ext/Sys-Hostname'
make[1]: Leaving directory '/home/michael/Programming/cpipe_installer/cpipe/tools/perl/ext/Sys-Hostname'
./miniperl -Ilib make_ext.pl lib/auto/Sys/Syslog/Syslog.so  MAKE="make" LIBPERL_A=libperl.a LINKTYPE=dynamic
make[1]: Entering directory '/home/michael/Programming/cpipe_installer/cpipe/tools/perl/cpan/Sys-Syslog'
make[1]: Leaving directory '/home/michael/Programming/cpipe_installer/cpipe/tools/perl/cpan/Sys-Syslog'
./miniperl -Ilib make_ext.pl lib/auto/threads/threads.so  MAKE="make" LIBPERL_A=libperl.a LINKTYPE=dynamic
make[1]: Entering directory '/home/michael/Programming/cpipe_installer/cpipe/tools/perl/dist/threads'
make[1]: Leaving directory '/home/michael/Programming/cpipe_installer/cpipe/tools/perl/dist/threads'
./miniperl -Ilib make_ext.pl lib/auto/threads/shared/shared.so  MAKE="make" LIBPERL_A=libperl.a LINKTYPE=dynamic
make[1]: Entering directory '/home/michael/Programming/cpipe_installer/cpipe/tools/perl/dist/threads-shared'
make[1]: Leaving directory '/home/michael/Programming/cpipe_installer/cpipe/tools/perl/dist/threads-shared'
./miniperl -Ilib make_ext.pl lib/auto/Tie/Hash/NamedCapture/NamedCapture.so  MAKE="make" LIBPERL_A=libperl.a LINKTYPE=dynamic
make[1]: Entering directory '/home/michael/Programming/cpipe_installer/cpipe/tools/perl/ext/Tie-Hash-NamedCapture'
make[1]: Leaving directory '/home/michael/Programming/cpipe_installer/cpipe/tools/perl/ext/Tie-Hash-NamedCapture'
./miniperl -Ilib make_ext.pl lib/auto/Time/HiRes/HiRes.so  MAKE="make" LIBPERL_A=libperl.a LINKTYPE=dynamic
make[1]: Entering directory '/home/michael/Programming/cpipe_installer/cpipe/tools/perl/dist/Time-HiRes'
make[1]: Leaving directory '/home/michael/Programming/cpipe_installer/cpipe/tools/perl/dist/Time-HiRes'
./miniperl -Ilib make_ext.pl lib/auto/Time/Piece/Piece.so  MAKE="make" LIBPERL_A=libperl.a LINKTYPE=dynamic
make[1]: Entering directory '/home/michael/Programming/cpipe_installer/cpipe/tools/perl/cpan/Time-Piece'
make[1]: Leaving directory '/home/michael/Programming/cpipe_installer/cpipe/tools/perl/cpan/Time-Piece'
./miniperl -Ilib make_ext.pl lib/auto/Unicode/Collate/Collate.so  MAKE="make" LIBPERL_A=libperl.a LINKTYPE=dynamic
make[1]: Entering directory '/home/michael/Programming/cpipe_installer/cpipe/tools/perl/cpan/Unicode-Collate'
make[1]: Leaving directory '/home/michael/Programming/cpipe_installer/cpipe/tools/perl/cpan/Unicode-Collate'
./miniperl -Ilib make_ext.pl lib/auto/Unicode/Normalize/Normalize.so  MAKE="make" LIBPERL_A=libperl.a LINKTYPE=dynamic
make[1]: Entering directory '/home/michael/Programming/cpipe_installer/cpipe/tools/perl/cpan/Unicode-Normalize'
make[1]: Leaving directory '/home/michael/Programming/cpipe_installer/cpipe/tools/perl/cpan/Unicode-Normalize'
./miniperl -Ilib make_ext.pl lib/auto/XS/APItest/APItest.so  MAKE="make" LIBPERL_A=libperl.a LINKTYPE=dynamic
make[1]: Entering directory '/home/michael/Programming/cpipe_installer/cpipe/tools/perl/ext/XS-APItest'
make[1]: Leaving directory '/home/michael/Programming/cpipe_installer/cpipe/tools/perl/ext/XS-APItest'
./miniperl -Ilib make_ext.pl lib/auto/XS/Typemap/Typemap.so  MAKE="make" LIBPERL_A=libperl.a LINKTYPE=dynamic
make[1]: Entering directory '/home/michael/Programming/cpipe_installer/cpipe/tools/perl/ext/XS-Typemap'
make[1]: Leaving directory '/home/michael/Programming/cpipe_installer/cpipe/tools/perl/ext/XS-Typemap'
./perl -Ilib -f pod/buildtoc -q
 
	Making utilities
make[1]: Entering directory '/home/michael/Programming/cpipe_installer/cpipe/tools/perl/utils'
make[1]: Nothing to be done for 'all'.
make[1]: Leaving directory '/home/michael/Programming/cpipe_installer/cpipe/tools/perl/utils'
 
	Everything is up to date. Type 'make test' to run test suite.
~/Programming/cpipe_installer/cpipe
~/Programming/cpipe_installer/cpipe/tools/perl_lib ~/Programming/cpipe_installer/cpipe
~/Programming/cpipe_installer/cpipe
~/Programming/cpipe_installer/cpipe/tools/picard ~/Programming/cpipe_installer/cpipe
~/Programming/cpipe_installer/cpipe
~/Programming/cpipe_installer/cpipe/tools/python ~/Programming/cpipe_installer/cpipe
running build
running build_ext
INFO: Can't locate Tcl/Tk libs and/or headers

Python build finished, but the necessary bits to build these modules were not found:
_bsddb             _sqlite3           _tkinter        
bsddb185           dbm                dl              
gdbm               imageop            sunaudiodev     
To find the necessary bits, look in setup.py in detect_modules() for the module's name.

running build_scripts
~/Programming/cpipe_installer/cpipe
~/Programming/cpipe_installer/cpipe/tools/r ~/Programming/cpipe_installer/cpipe
make[1]: Entering directory '/home/michael/Programming/cpipe_installer/cpipe/tools/r/m4'
make[1]: Nothing to be done for 'R'.
make[1]: Leaving directory '/home/michael/Programming/cpipe_installer/cpipe/tools/r/m4'
make[1]: Entering directory '/home/michael/Programming/cpipe_installer/cpipe/tools/r/tools'
make[1]: Nothing to be done for 'R'.
make[1]: Leaving directory '/home/michael/Programming/cpipe_installer/cpipe/tools/r/tools'
make[1]: Entering directory '/home/michael/Programming/cpipe_installer/cpipe/tools/r/doc'
make[2]: Entering directory '/home/michael/Programming/cpipe_installer/cpipe/tools/r/doc/html'
make[2]: Leaving directory '/home/michael/Programming/cpipe_installer/cpipe/tools/r/doc/html'
make[2]: Entering directory '/home/michael/Programming/cpipe_installer/cpipe/tools/r/doc/manual'
make[2]: Nothing to be done for 'R'.
make[2]: Leaving directory '/home/michael/Programming/cpipe_installer/cpipe/tools/r/doc/manual'
make[1]: Leaving directory '/home/michael/Programming/cpipe_installer/cpipe/tools/r/doc'
make[1]: Entering directory '/home/michael/Programming/cpipe_installer/cpipe/tools/r/etc'
make[1]: Leaving directory '/home/michael/Programming/cpipe_installer/cpipe/tools/r/etc'
make[1]: Entering directory '/home/michael/Programming/cpipe_installer/cpipe/tools/r/share'
make[1]: Leaving directory '/home/michael/Programming/cpipe_installer/cpipe/tools/r/share'
make[1]: Entering directory '/home/michael/Programming/cpipe_installer/cpipe/tools/r/src'
make[2]: Entering directory '/home/michael/Programming/cpipe_installer/cpipe/tools/r/src/scripts'
make[3]: Entering directory '/home/michael/Programming/cpipe_installer/cpipe/tools/r/src/scripts'
make[3]: Leaving directory '/home/michael/Programming/cpipe_installer/cpipe/tools/r/src/scripts'
make[2]: Leaving directory '/home/michael/Programming/cpipe_installer/cpipe/tools/r/src/scripts'
make[2]: Entering directory '/home/michael/Programming/cpipe_installer/cpipe/tools/r/src/include'
make[3]: Entering directory '/home/michael/Programming/cpipe_installer/cpipe/tools/r/src/include/R_ext'
make[3]: Nothing to be done for 'R'.
make[3]: Leaving directory '/home/michael/Programming/cpipe_installer/cpipe/tools/r/src/include/R_ext'
make[2]: Leaving directory '/home/michael/Programming/cpipe_installer/cpipe/tools/r/src/include'
make[2]: Entering directory '/home/michael/Programming/cpipe_installer/cpipe/tools/r/src/extra'
make[3]: Entering directory '/home/michael/Programming/cpipe_installer/cpipe/tools/r/src/extra/blas'
make[4]: Entering directory '/home/michael/Programming/cpipe_installer/cpipe/tools/r/src/extra/blas'
make[4]: 'libRblas.so' is up to date.
make[4]: Leaving directory '/home/michael/Programming/cpipe_installer/cpipe/tools/r/src/extra/blas'
make[4]: Entering directory '/home/michael/Programming/cpipe_installer/cpipe/tools/r/src/extra/blas'
/home/michael/Programming/cpipe_installer/cpipe/tools/r/lib/libRblas.so is unchanged
make[4]: Leaving directory '/home/michael/Programming/cpipe_installer/cpipe/tools/r/src/extra/blas'
make[3]: Leaving directory '/home/michael/Programming/cpipe_installer/cpipe/tools/r/src/extra/blas'
make[3]: Entering directory '/home/michael/Programming/cpipe_installer/cpipe/tools/r/src/extra/tre'
make[4]: Entering directory '/home/michael/Programming/cpipe_installer/cpipe/tools/r/src/extra/tre'
make[4]: 'Makedeps' is up to date.
make[4]: Leaving directory '/home/michael/Programming/cpipe_installer/cpipe/tools/r/src/extra/tre'
make[4]: Entering directory '/home/michael/Programming/cpipe_installer/cpipe/tools/r/src/extra/tre'
make[4]: 'libtre.a' is up to date.
make[4]: Leaving directory '/home/michael/Programming/cpipe_installer/cpipe/tools/r/src/extra/tre'
make[3]: Leaving directory '/home/michael/Programming/cpipe_installer/cpipe/tools/r/src/extra/tre'
make[2]: Leaving directory '/home/michael/Programming/cpipe_installer/cpipe/tools/r/src/extra'
make[2]: Entering directory '/home/michael/Programming/cpipe_installer/cpipe/tools/r/src/appl'
make[3]: Entering directory '/home/michael/Programming/cpipe_installer/cpipe/tools/r/src/appl'
make[3]: 'libappl.a' is up to date.
make[3]: Leaving directory '/home/michael/Programming/cpipe_installer/cpipe/tools/r/src/appl'
make[2]: Leaving directory '/home/michael/Programming/cpipe_installer/cpipe/tools/r/src/appl'
make[2]: Entering directory '/home/michael/Programming/cpipe_installer/cpipe/tools/r/src/nmath'
make[3]: Entering directory '/home/michael/Programming/cpipe_installer/cpipe/tools/r/src/nmath'
make[3]: 'libnmath.a' is up to date.
make[3]: Leaving directory '/home/michael/Programming/cpipe_installer/cpipe/tools/r/src/nmath'
make[2]: Leaving directory '/home/michael/Programming/cpipe_installer/cpipe/tools/r/src/nmath'
make[2]: Entering directory '/home/michael/Programming/cpipe_installer/cpipe/tools/r/src/unix'
make[3]: Entering directory '/home/michael/Programming/cpipe_installer/cpipe/tools/r/src/unix'
make[3]: 'libunix.a' is up to date.
make[3]: Leaving directory '/home/michael/Programming/cpipe_installer/cpipe/tools/r/src/unix'
make[3]: Entering directory '/home/michael/Programming/cpipe_installer/cpipe/tools/r/src/unix'
gcc -I. -I../../src/include -I../../src/include  -I/usr/local/include -DHAVE_CONFIG_H    -g -O2  -L/usr/local/lib -DR_HOME='"/home/michael/Programming/cpipe_installer/cpipe/tools/r"' \
  -o Rscript ./Rscript.c
make[3]: Leaving directory '/home/michael/Programming/cpipe_installer/cpipe/tools/r/src/unix'
make[2]: Leaving directory '/home/michael/Programming/cpipe_installer/cpipe/tools/r/src/unix'
make[2]: Entering directory '/home/michael/Programming/cpipe_installer/cpipe/tools/r/src/main'
make[3]: Entering directory '/home/michael/Programming/cpipe_installer/cpipe/tools/r/src/main'
make[4]: Entering directory '/home/michael/Programming/cpipe_installer/cpipe/tools/r/src/main'
/home/michael/Programming/cpipe_installer/cpipe/tools/r/bin/exec/R is unchanged
make[4]: Leaving directory '/home/michael/Programming/cpipe_installer/cpipe/tools/r/src/main'
make[3]: Leaving directory '/home/michael/Programming/cpipe_installer/cpipe/tools/r/src/main'
make[2]: Leaving directory '/home/michael/Programming/cpipe_installer/cpipe/tools/r/src/main'
make[2]: Entering directory '/home/michael/Programming/cpipe_installer/cpipe/tools/r/src/modules'
make[3]: Entering directory '/home/michael/Programming/cpipe_installer/cpipe/tools/r/src/modules/internet'
make[4]: Entering directory '/home/michael/Programming/cpipe_installer/cpipe/tools/r/src/modules/internet'
make[4]: 'internet.so' is up to date.
make[4]: Leaving directory '/home/michael/Programming/cpipe_installer/cpipe/tools/r/src/modules/internet'
make[3]: Leaving directory '/home/michael/Programming/cpipe_installer/cpipe/tools/r/src/modules/internet'
make[3]: Entering directory '/home/michael/Programming/cpipe_installer/cpipe/tools/r/src/modules/lapack'
make[4]: Entering directory '/home/michael/Programming/cpipe_installer/cpipe/tools/r/src/modules/lapack'
make[4]: 'libRlapack.so' is up to date.
/home/michael/Programming/cpipe_installer/cpipe/tools/r/lib/libRlapack.so is unchanged
make[4]: Leaving directory '/home/michael/Programming/cpipe_installer/cpipe/tools/r/src/modules/lapack'
make[4]: Entering directory '/home/michael/Programming/cpipe_installer/cpipe/tools/r/src/modules/lapack'
make[4]: 'lapack.so' is up to date.
make[4]: Leaving directory '/home/michael/Programming/cpipe_installer/cpipe/tools/r/src/modules/lapack'
make[3]: Leaving directory '/home/michael/Programming/cpipe_installer/cpipe/tools/r/src/modules/lapack'
make[3]: Entering directory '/home/michael/Programming/cpipe_installer/cpipe/tools/r/src/modules/X11'
make[4]: Entering directory '/home/michael/Programming/cpipe_installer/cpipe/tools/r/src/modules/X11'
make[4]: 'R_X11.so' is up to date.
make[4]: 'R_de.so' is up to date.
make[4]: Leaving directory '/home/michael/Programming/cpipe_installer/cpipe/tools/r/src/modules/X11'
make[4]: Entering directory '/home/michael/Programming/cpipe_installer/cpipe/tools/r/src/modules/X11'
/home/michael/Programming/cpipe_installer/cpipe/tools/r/modules/R_X11.so is unchanged
/home/michael/Programming/cpipe_installer/cpipe/tools/r/modules/R_de.so is unchanged
make[4]: Leaving directory '/home/michael/Programming/cpipe_installer/cpipe/tools/r/src/modules/X11'
make[3]: Leaving directory '/home/michael/Programming/cpipe_installer/cpipe/tools/r/src/modules/X11'
make[2]: Leaving directory '/home/michael/Programming/cpipe_installer/cpipe/tools/r/src/modules'
make[2]: Entering directory '/home/michael/Programming/cpipe_installer/cpipe/tools/r/src/library'
make[3]: Entering directory '/home/michael/Programming/cpipe_installer/cpipe/tools/r/src/library/profile'
building system startup profile
make[3]: Leaving directory '/home/michael/Programming/cpipe_installer/cpipe/tools/r/src/library/profile'
make[3]: Entering directory '/home/michael/Programming/cpipe_installer/cpipe/tools/r/src/library/translations'
building package 'translations'
make[4]: Entering directory '/home/michael/Programming/cpipe_installer/cpipe/tools/r/src/library/translations'
make[4]: Leaving directory '/home/michael/Programming/cpipe_installer/cpipe/tools/r/src/library/translations'
make[3]: Leaving directory '/home/michael/Programming/cpipe_installer/cpipe/tools/r/src/library/translations'
make[3]: Entering directory '/home/michael/Programming/cpipe_installer/cpipe/tools/r/src/library/base'
building package 'base'
make[4]: Entering directory '/home/michael/Programming/cpipe_installer/cpipe/tools/r/src/library/base'
all.R is unchanged
make[4]: Leaving directory '/home/michael/Programming/cpipe_installer/cpipe/tools/r/src/library/base'
make[3]: Leaving directory '/home/michael/Programming/cpipe_installer/cpipe/tools/r/src/library/base'
make[3]: Entering directory '/home/michael/Programming/cpipe_installer/cpipe/tools/r/src/library/tools'
building package 'tools'
make[4]: Entering directory '/home/michael/Programming/cpipe_installer/cpipe/tools/r/src/library/tools'
all.R is unchanged
make[4]: Leaving directory '/home/michael/Programming/cpipe_installer/cpipe/tools/r/src/library/tools'
make[4]: Entering directory '/home/michael/Programming/cpipe_installer/cpipe/tools/r/src/library/tools'
make[5]: Entering directory '/home/michael/Programming/cpipe_installer/cpipe/tools/r/src/library/tools/src'
make[6]: Entering directory '/home/michael/Programming/cpipe_installer/cpipe/tools/r/src/library/tools/src'
../../../../library/tools/libs/tools.so is unchanged
make[6]: Leaving directory '/home/michael/Programming/cpipe_installer/cpipe/tools/r/src/library/tools/src'
make[5]: Leaving directory '/home/michael/Programming/cpipe_installer/cpipe/tools/r/src/library/tools/src'
make[4]: Leaving directory '/home/michael/Programming/cpipe_installer/cpipe/tools/r/src/library/tools'
make[4]: Entering directory '/home/michael/Programming/cpipe_installer/cpipe/tools/r/src/library/tools'
installing 'sysdata.rda'
make[4]: Leaving directory '/home/michael/Programming/cpipe_installer/cpipe/tools/r/src/library/tools'
make[3]: Leaving directory '/home/michael/Programming/cpipe_installer/cpipe/tools/r/src/library/tools'
make[3]: Entering directory '/home/michael/Programming/cpipe_installer/cpipe/tools/r/src/library/compiler'
building package 'compiler'
make[4]: Entering directory '/home/michael/Programming/cpipe_installer/cpipe/tools/r/src/library/compiler'
all.R is unchanged
make[4]: Leaving directory '/home/michael/Programming/cpipe_installer/cpipe/tools/r/src/library/compiler'
make[4]: Entering directory '/home/michael/Programming/cpipe_installer/cpipe/tools/r/src/library/compiler'
make[4]: Nothing to be done for 'mklazycomp'.
make[4]: Leaving directory '/home/michael/Programming/cpipe_installer/cpipe/tools/r/src/library/compiler'
make[3]: Leaving directory '/home/michael/Programming/cpipe_installer/cpipe/tools/r/src/library/compiler'
make[3]: Entering directory '/home/michael/Programming/cpipe_installer/cpipe/tools/r/src/library/base'
make[3]: Nothing to be done for 'mklazycomp'.
make[3]: Leaving directory '/home/michael/Programming/cpipe_installer/cpipe/tools/r/src/library/base'
make[3]: Entering directory '/home/michael/Programming/cpipe_installer/cpipe/tools/r/src/library/tools'
make[3]: Nothing to be done for 'mklazycomp'.
make[3]: Leaving directory '/home/michael/Programming/cpipe_installer/cpipe/tools/r/src/library/tools'
make[3]: Entering directory '/home/michael/Programming/cpipe_installer/cpipe/tools/r/src/library/utils'
building package 'utils'
make[4]: Entering directory '/home/michael/Programming/cpipe_installer/cpipe/tools/r/src/library/utils'
all.R is unchanged
make[4]: Nothing to be done for 'iconvlist'.
make[4]: Leaving directory '/home/michael/Programming/cpipe_installer/cpipe/tools/r/src/library/utils'
make[4]: Entering directory '/home/michael/Programming/cpipe_installer/cpipe/tools/r/src/library/utils'
make[5]: Entering directory '/home/michael/Programming/cpipe_installer/cpipe/tools/r/src/library/utils/src'
make[6]: Entering directory '/home/michael/Programming/cpipe_installer/cpipe/tools/r/src/library/utils/src'
../../../../library/utils/libs/utils.so is unchanged
make[6]: Leaving directory '/home/michael/Programming/cpipe_installer/cpipe/tools/r/src/library/utils/src'
make[5]: Leaving directory '/home/michael/Programming/cpipe_installer/cpipe/tools/r/src/library/utils/src'
make[4]: Leaving directory '/home/michael/Programming/cpipe_installer/cpipe/tools/r/src/library/utils'
make[4]: Entering directory '/home/michael/Programming/cpipe_installer/cpipe/tools/r/src/library/utils'
installing 'sysdata.rda'
make[4]: Leaving directory '/home/michael/Programming/cpipe_installer/cpipe/tools/r/src/library/utils'
make[4]: Entering directory '/home/michael/Programming/cpipe_installer/cpipe/tools/r/src/library/utils'
make[4]: Nothing to be done for 'mklazycomp'.
make[4]: Leaving directory '/home/michael/Programming/cpipe_installer/cpipe/tools/r/src/library/utils'
make[3]: Leaving directory '/home/michael/Programming/cpipe_installer/cpipe/tools/r/src/library/utils'
make[3]: Entering directory '/home/michael/Programming/cpipe_installer/cpipe/tools/r/src/library/grDevices'
building package 'grDevices'
make[4]: Entering directory '/home/michael/Programming/cpipe_installer/cpipe/tools/r/src/library/grDevices'
all.R is unchanged
make[4]: Leaving directory '/home/michael/Programming/cpipe_installer/cpipe/tools/r/src/library/grDevices'
make[4]: Entering directory '/home/michael/Programming/cpipe_installer/cpipe/tools/r/src/library/grDevices'
make[5]: Entering directory '/home/michael/Programming/cpipe_installer/cpipe/tools/r/src/library/grDevices/src'
make[6]: Entering directory '/home/michael/Programming/cpipe_installer/cpipe/tools/r/src/library/grDevices/src'
../../../../library/grDevices/libs/grDevices.so is unchanged
make[6]: Leaving directory '/home/michael/Programming/cpipe_installer/cpipe/tools/r/src/library/grDevices/src'
make[5]: Leaving directory '/home/michael/Programming/cpipe_installer/cpipe/tools/r/src/library/grDevices/src'
make[4]: Leaving directory '/home/michael/Programming/cpipe_installer/cpipe/tools/r/src/library/grDevices'
make[4]: Entering directory '/home/michael/Programming/cpipe_installer/cpipe/tools/r/src/library/grDevices'
make[4]: Nothing to be done for 'mklazycomp'.
make[4]: Leaving directory '/home/michael/Programming/cpipe_installer/cpipe/tools/r/src/library/grDevices'
make[3]: Leaving directory '/home/michael/Programming/cpipe_installer/cpipe/tools/r/src/library/grDevices'
make[3]: Entering directory '/home/michael/Programming/cpipe_installer/cpipe/tools/r/src/library/graphics'
building package 'graphics'
make[4]: Entering directory '/home/michael/Programming/cpipe_installer/cpipe/tools/r/src/library/graphics'
all.R is unchanged
make[4]: Leaving directory '/home/michael/Programming/cpipe_installer/cpipe/tools/r/src/library/graphics'
make[4]: Entering directory '/home/michael/Programming/cpipe_installer/cpipe/tools/r/src/library/graphics'
make[5]: Entering directory '/home/michael/Programming/cpipe_installer/cpipe/tools/r/src/library/graphics/src'
make[6]: Entering directory '/home/michael/Programming/cpipe_installer/cpipe/tools/r/src/library/graphics/src'
../../../../library/graphics/libs/graphics.so is unchanged
make[6]: Leaving directory '/home/michael/Programming/cpipe_installer/cpipe/tools/r/src/library/graphics/src'
make[5]: Leaving directory '/home/michael/Programming/cpipe_installer/cpipe/tools/r/src/library/graphics/src'
make[4]: Leaving directory '/home/michael/Programming/cpipe_installer/cpipe/tools/r/src/library/graphics'
make[4]: Entering directory '/home/michael/Programming/cpipe_installer/cpipe/tools/r/src/library/graphics'
make[4]: Nothing to be done for 'mklazycomp'.
make[4]: Leaving directory '/home/michael/Programming/cpipe_installer/cpipe/tools/r/src/library/graphics'
make[3]: Leaving directory '/home/michael/Programming/cpipe_installer/cpipe/tools/r/src/library/graphics'
make[3]: Entering directory '/home/michael/Programming/cpipe_installer/cpipe/tools/r/src/library/stats'
building package 'stats'
make[4]: Entering directory '/home/michael/Programming/cpipe_installer/cpipe/tools/r/src/library/stats'
all.R is unchanged
make[4]: Leaving directory '/home/michael/Programming/cpipe_installer/cpipe/tools/r/src/library/stats'
make[4]: Entering directory '/home/michael/Programming/cpipe_installer/cpipe/tools/r/src/library/stats'
make[5]: Entering directory '/home/michael/Programming/cpipe_installer/cpipe/tools/r/src/library/stats/src'
make[6]: Entering directory '/home/michael/Programming/cpipe_installer/cpipe/tools/r/src/library/stats/src'
../../../../library/stats/libs/stats.so is unchanged
make[6]: Leaving directory '/home/michael/Programming/cpipe_installer/cpipe/tools/r/src/library/stats/src'
make[5]: Leaving directory '/home/michael/Programming/cpipe_installer/cpipe/tools/r/src/library/stats/src'
make[4]: Leaving directory '/home/michael/Programming/cpipe_installer/cpipe/tools/r/src/library/stats'
make[4]: Entering directory '/home/michael/Programming/cpipe_installer/cpipe/tools/r/src/library/stats'
make[4]: Nothing to be done for 'mklazycomp'.
make[4]: Leaving directory '/home/michael/Programming/cpipe_installer/cpipe/tools/r/src/library/stats'
make[3]: Leaving directory '/home/michael/Programming/cpipe_installer/cpipe/tools/r/src/library/stats'
make[3]: Entering directory '/home/michael/Programming/cpipe_installer/cpipe/tools/r/src/library/datasets'
building package 'datasets'
make[4]: Entering directory '/home/michael/Programming/cpipe_installer/cpipe/tools/r/src/library/datasets'
make[4]: Leaving directory '/home/michael/Programming/cpipe_installer/cpipe/tools/r/src/library/datasets'
make[3]: Leaving directory '/home/michael/Programming/cpipe_installer/cpipe/tools/r/src/library/datasets'
make[3]: Entering directory '/home/michael/Programming/cpipe_installer/cpipe/tools/r/src/library/methods'
building package 'methods'
make[4]: Entering directory '/home/michael/Programming/cpipe_installer/cpipe/tools/r/src/library/methods'
all.R is unchanged
make[4]: Leaving directory '/home/michael/Programming/cpipe_installer/cpipe/tools/r/src/library/methods'
make[4]: Entering directory '/home/michael/Programming/cpipe_installer/cpipe/tools/r/src/library/methods'
make[5]: Entering directory '/home/michael/Programming/cpipe_installer/cpipe/tools/r/src/library/methods/src'
make[6]: Entering directory '/home/michael/Programming/cpipe_installer/cpipe/tools/r/src/library/methods/src'
../../../../library/methods/libs/methods.so is unchanged
make[6]: Leaving directory '/home/michael/Programming/cpipe_installer/cpipe/tools/r/src/library/methods/src'
make[5]: Leaving directory '/home/michael/Programming/cpipe_installer/cpipe/tools/r/src/library/methods/src'
make[4]: Leaving directory '/home/michael/Programming/cpipe_installer/cpipe/tools/r/src/library/methods'
make[4]: Entering directory '/home/michael/Programming/cpipe_installer/cpipe/tools/r/src/library/methods'
make[4]: Nothing to be done for 'RfilesLazy'.
make[4]: Leaving directory '/home/michael/Programming/cpipe_installer/cpipe/tools/r/src/library/methods'
make[3]: Leaving directory '/home/michael/Programming/cpipe_installer/cpipe/tools/r/src/library/methods'
make[3]: Entering directory '/home/michael/Programming/cpipe_installer/cpipe/tools/r/src/library/grid'
building package 'grid'
make[4]: Entering directory '/home/michael/Programming/cpipe_installer/cpipe/tools/r/src/library/grid'
all.R is unchanged
make[4]: Leaving directory '/home/michael/Programming/cpipe_installer/cpipe/tools/r/src/library/grid'
make[4]: Entering directory '/home/michael/Programming/cpipe_installer/cpipe/tools/r/src/library/grid'
make[5]: Entering directory '/home/michael/Programming/cpipe_installer/cpipe/tools/r/src/library/grid/src'
make[6]: Entering directory '/home/michael/Programming/cpipe_installer/cpipe/tools/r/src/library/grid/src'
../../../../library/grid/libs/grid.so is unchanged
make[6]: Leaving directory '/home/michael/Programming/cpipe_installer/cpipe/tools/r/src/library/grid/src'
make[5]: Leaving directory '/home/michael/Programming/cpipe_installer/cpipe/tools/r/src/library/grid/src'
make[4]: Leaving directory '/home/michael/Programming/cpipe_installer/cpipe/tools/r/src/library/grid'
make[4]: Entering directory '/home/michael/Programming/cpipe_installer/cpipe/tools/r/src/library/grid'
make[4]: Nothing to be done for 'mklazycomp'.
make[4]: Leaving directory '/home/michael/Programming/cpipe_installer/cpipe/tools/r/src/library/grid'
make[3]: Leaving directory '/home/michael/Programming/cpipe_installer/cpipe/tools/r/src/library/grid'
make[3]: Entering directory '/home/michael/Programming/cpipe_installer/cpipe/tools/r/src/library/splines'
building package 'splines'
make[4]: Entering directory '/home/michael/Programming/cpipe_installer/cpipe/tools/r/src/library/splines'
all.R is unchanged
make[4]: Leaving directory '/home/michael/Programming/cpipe_installer/cpipe/tools/r/src/library/splines'
make[4]: Entering directory '/home/michael/Programming/cpipe_installer/cpipe/tools/r/src/library/splines'
make[5]: Entering directory '/home/michael/Programming/cpipe_installer/cpipe/tools/r/src/library/splines/src'
make[6]: Entering directory '/home/michael/Programming/cpipe_installer/cpipe/tools/r/src/library/splines/src'
../../../../library/splines/libs/splines.so is unchanged
make[6]: Leaving directory '/home/michael/Programming/cpipe_installer/cpipe/tools/r/src/library/splines/src'
make[5]: Leaving directory '/home/michael/Programming/cpipe_installer/cpipe/tools/r/src/library/splines/src'
make[4]: Leaving directory '/home/michael/Programming/cpipe_installer/cpipe/tools/r/src/library/splines'
make[4]: Entering directory '/home/michael/Programming/cpipe_installer/cpipe/tools/r/src/library/splines'
make[4]: Nothing to be done for 'mklazycomp'.
make[4]: Leaving directory '/home/michael/Programming/cpipe_installer/cpipe/tools/r/src/library/splines'
make[3]: Leaving directory '/home/michael/Programming/cpipe_installer/cpipe/tools/r/src/library/splines'
make[3]: Entering directory '/home/michael/Programming/cpipe_installer/cpipe/tools/r/src/library/stats4'
building package 'stats4'
make[4]: Entering directory '/home/michael/Programming/cpipe_installer/cpipe/tools/r/src/library/stats4'
all.R is unchanged
make[4]: Leaving directory '/home/michael/Programming/cpipe_installer/cpipe/tools/r/src/library/stats4'
make[4]: Entering directory '/home/michael/Programming/cpipe_installer/cpipe/tools/r/src/library/stats4'
make[4]: Nothing to be done for 'mklazycomp'.
make[4]: Leaving directory '/home/michael/Programming/cpipe_installer/cpipe/tools/r/src/library/stats4'
make[3]: Leaving directory '/home/michael/Programming/cpipe_installer/cpipe/tools/r/src/library/stats4'
make[3]: Entering directory '/home/michael/Programming/cpipe_installer/cpipe/tools/r/src/library/tcltk'
building package 'tcltk'
../../../library/tcltk/R/tcltk is unchanged
make[4]: Entering directory '/home/michael/Programming/cpipe_installer/cpipe/tools/r/src/library/tcltk'
make[4]: Leaving directory '/home/michael/Programming/cpipe_installer/cpipe/tools/r/src/library/tcltk'
make[3]: Leaving directory '/home/michael/Programming/cpipe_installer/cpipe/tools/r/src/library/tcltk'
make[3]: Entering directory '/home/michael/Programming/cpipe_installer/cpipe/tools/r/src/library/parallel'
building package 'parallel'
make[4]: Entering directory '/home/michael/Programming/cpipe_installer/cpipe/tools/r/src/library/parallel'
all.R is unchanged
make[4]: Leaving directory '/home/michael/Programming/cpipe_installer/cpipe/tools/r/src/library/parallel'
make[4]: Entering directory '/home/michael/Programming/cpipe_installer/cpipe/tools/r/src/library/parallel'
make[5]: Entering directory '/home/michael/Programming/cpipe_installer/cpipe/tools/r/src/library/parallel/src'
make[6]: Entering directory '/home/michael/Programming/cpipe_installer/cpipe/tools/r/src/library/parallel/src'
../../../../library/parallel/libs/parallel.so is unchanged
make[6]: Leaving directory '/home/michael/Programming/cpipe_installer/cpipe/tools/r/src/library/parallel/src'
make[5]: Leaving directory '/home/michael/Programming/cpipe_installer/cpipe/tools/r/src/library/parallel/src'
make[4]: Leaving directory '/home/michael/Programming/cpipe_installer/cpipe/tools/r/src/library/parallel'
make[4]: Entering directory '/home/michael/Programming/cpipe_installer/cpipe/tools/r/src/library/parallel'
make[4]: Nothing to be done for 'mklazycomp'.
make[4]: Leaving directory '/home/michael/Programming/cpipe_installer/cpipe/tools/r/src/library/parallel'
make[3]: Leaving directory '/home/michael/Programming/cpipe_installer/cpipe/tools/r/src/library/parallel'
make[3]: Entering directory '/home/michael/Programming/cpipe_installer/cpipe/tools/r/src/library/base'
make[3]: Leaving directory '/home/michael/Programming/cpipe_installer/cpipe/tools/r/src/library/base'
installing parsed NAMESPACE files
make[2]: Leaving directory '/home/michael/Programming/cpipe_installer/cpipe/tools/r/src/library'
make[1]: Leaving directory '/home/michael/Programming/cpipe_installer/cpipe/tools/r/src'
make[1]: Entering directory '/home/michael/Programming/cpipe_installer/cpipe/tools/r/tests'
make[1]: Nothing to be done for 'R'.
make[1]: Leaving directory '/home/michael/Programming/cpipe_installer/cpipe/tools/r/tests'
make[1]: Entering directory '/home/michael/Programming/cpipe_installer/cpipe/tools/r/doc'
'pdflatex' is needed to make NEWS.pdf but is missing on your system.
make[2]: Entering directory '/home/michael/Programming/cpipe_installer/cpipe/tools/r/doc/manual'
make[3]: Entering directory '/home/michael/Programming/cpipe_installer/cpipe/tools/r/doc/html'
make[3]: Leaving directory '/home/michael/Programming/cpipe_installer/cpipe/tools/r/doc/html'
make[2]: Leaving directory '/home/michael/Programming/cpipe_installer/cpipe/tools/r/doc/manual'
make[1]: Leaving directory '/home/michael/Programming/cpipe_installer/cpipe/tools/r/doc'
make[1]: Entering directory '/home/michael/Programming/cpipe_installer/cpipe/tools/r/src/library'
make[2]: Entering directory '/home/michael/Programming/cpipe_installer/cpipe/tools/r/src/library'
installing parsed Rd
make[3]: Entering directory '/home/michael/Programming/cpipe_installer/cpipe/tools/r/src/library'
  base
  stats
  utils
  methods
  graphics
  grDevices
  datasets
  grid
  tools
  tcltk
  splines
  stats4
  compiler
  parallel
make[3]: Leaving directory '/home/michael/Programming/cpipe_installer/cpipe/tools/r/src/library'
make[2]: Leaving directory '/home/michael/Programming/cpipe_installer/cpipe/tools/r/src/library'
make[2]: Entering directory '/home/michael/Programming/cpipe_installer/cpipe/tools/r/src/library'
building/updating package metadata ...
make[2]: Leaving directory '/home/michael/Programming/cpipe_installer/cpipe/tools/r/src/library'
make[2]: Entering directory '/home/michael/Programming/cpipe_installer/cpipe/tools/r/src/library'
writing package indices
make[3]: Entering directory '/home/michael/Programming/cpipe_installer/cpipe/tools/r/src/library'
make[3]: Leaving directory '/home/michael/Programming/cpipe_installer/cpipe/tools/r/src/library'
make[2]: Leaving directory '/home/michael/Programming/cpipe_installer/cpipe/tools/r/src/library'
make[1]: Leaving directory '/home/michael/Programming/cpipe_installer/cpipe/tools/r/src/library'
make[1]: Entering directory '/home/michael/Programming/cpipe_installer/cpipe/tools/r/src/library/Recommended'
make[2]: Entering directory '/home/michael/Programming/cpipe_installer/cpipe/tools/r/src/library/Recommended'
make[2]: 'stamp-recommended' is up to date.
make[2]: Leaving directory '/home/michael/Programming/cpipe_installer/cpipe/tools/r/src/library/Recommended'
make[1]: Leaving directory '/home/michael/Programming/cpipe_installer/cpipe/tools/r/src/library/Recommended'
make[1]: Entering directory '/home/michael/Programming/cpipe_installer/cpipe/tools/r/src/library'
'pdflatex' is needed to make vignettes but is missing on your system.
make[1]: Leaving directory '/home/michael/Programming/cpipe_installer/cpipe/tools/r/src/library'
make[1]: Entering directory '/home/michael/Programming/cpipe_installer/cpipe/tools/r'
make[1]: 'stamp-java' is up to date.
make[1]: Leaving directory '/home/michael/Programming/cpipe_installer/cpipe/tools/r'
~/Programming/cpipe_installer/cpipe
~/Programming/cpipe_installer/cpipe/tools/samtools ~/Programming/cpipe_installer/cpipe
make: Nothing to be done for 'all'.
~/Programming/cpipe_installer/cpipe
~/Programming/cpipe_installer/cpipe/tools/tools ~/Programming/cpipe_installer/cpipe
~/Programming/cpipe_installer/cpipe
~/Programming/cpipe_installer/cpipe/tools/vep ~/Programming/cpipe_installer/cpipe
~/Programming/cpipe_installer/cpipe
